\BOOKMARK [0][-]{chapter*.1}{\376\377\000D\000e\000c\000l\000a\000r\000a\000t\000i\000o\000n}{}% 1
\BOOKMARK [0][-]{chapter*.3}{\376\377\000A\000c\000k\000n\000o\000w\000l\000e\000d\000g\000m\000e\000n\000t\000s}{}% 2
\BOOKMARK [0][-]{chapter*.4}{\376\377\000K\000u\000r\000z\000f\000a\000s\000s\000u\000n\000g}{}% 3
\BOOKMARK [0][-]{chapter*.5}{\376\377\000A\000b\000s\000t\000r\000a\000c\000t}{}% 4
\BOOKMARK [0][-]{chapter.1}{\376\377\000I\000n\000t\000r\000o\000d\000u\000c\000t\000i\000o\000n}{}% 5
\BOOKMARK [1][-]{section.1.1}{\376\377\000M\000o\000t\000i\000v\000a\000t\000i\000o\000n}{chapter.1}% 6
\BOOKMARK [1][-]{section.1.2}{\376\377\000G\000o\000a\000l\000s}{chapter.1}% 7
\BOOKMARK [1][-]{section.1.3}{\376\377\000S\000t\000r\000u\000c\000t\000u\000r\000e}{chapter.1}% 8
\BOOKMARK [0][-]{chapter.2}{\376\377\000R\000e\000l\000a\000t\000e\000d\000\040\000W\000o\000r\000k}{}% 9
\BOOKMARK [1][-]{section.2.1}{\376\377\000C\000l\000a\000s\000s\000r\000o\000o\000m\000\040\000r\000e\000l\000a\000t\000e\000d}{chapter.2}% 10
\BOOKMARK [1][-]{section.2.2}{\376\377\000O\000f\000f\000i\000c\000e\000\040\000e\000n\000v\000i\000r\000o\000n\000m\000e\000n\000t\000s}{chapter.2}% 11
\BOOKMARK [1][-]{section.2.3}{\376\377\000G\000e\000n\000e\000r\000a\000l\000\040\000p\000r\000e\000s\000e\000n\000t\000a\000t\000i\000o\000n\000s}{chapter.2}% 12
\BOOKMARK [0][-]{chapter.3}{\376\377\000I\000n\000t\000e\000r\000a\000c\000t\000i\000v\000e\000\040\000M\000e\000c\000h\000a\000n\000i\000s\000m\000s}{}% 13
\BOOKMARK [1][-]{section.3.1}{\376\377\000F\000a\000c\000t\000o\000r\000s}{chapter.3}% 14
\BOOKMARK [2][-]{subsection.3.1.1}{\376\377\000A\000u\000d\000i\000e\000n\000c\000e\000\040\000S\000i\000z\000e}{section.3.1}% 15
\BOOKMARK [2][-]{subsection.3.1.2}{\376\377\000P\000r\000e\000s\000e\000n\000t\000a\000t\000i\000o\000n\000\040\000E\000n\000v\000i\000r\000o\000n\000m\000e\000n\000t}{section.3.1}% 16
\BOOKMARK [2][-]{subsection.3.1.3}{\376\377\000S\000p\000e\000a\000k\000e\000r\000\040\000a\000n\000d\000\040\000A\000u\000d\000i\000e\000n\000c\000e}{section.3.1}% 17
\BOOKMARK [1][-]{section.3.2}{\376\377\000R\000e\000s\000u\000l\000t\000i\000n\000g\000\040\000M\000e\000c\000h\000a\000n\000i\000s\000m\000s}{chapter.3}% 18
\BOOKMARK [2][-]{subsection.3.2.1}{\376\377\000R\000e\000m\000o\000t\000e\000\040\000C\000o\000n\000t\000r\000o\000l}{section.3.2}% 19
\BOOKMARK [2][-]{subsection.3.2.2}{\376\377\000F\000o\000l\000l\000o\000w\000i\000n\000g\000\040\000S\000l\000i\000d\000e\000s}{section.3.2}% 20
\BOOKMARK [2][-]{subsection.3.2.3}{\376\377\000P\000a\000t\000h\000s}{section.3.2}% 21
\BOOKMARK [2][-]{subsection.3.2.4}{\376\377\000A\000u\000d\000i\000e\000n\000c\000e\000\040\000Q\000u\000e\000s\000t\000i\000o\000n\000s}{section.3.2}% 22
\BOOKMARK [2][-]{subsection.3.2.5}{\376\377\000P\000o\000l\000l\000s}{section.3.2}% 23
\BOOKMARK [2][-]{subsection.3.2.6}{\376\377\000R\000e\000a\000c\000t\000i\000o\000n\000s}{section.3.2}% 24
\BOOKMARK [2][-]{subsection.3.2.7}{\376\377\000C\000o\000n\000t\000e\000n\000t\000\040\000S\000h\000a\000r\000i\000n\000g}{section.3.2}% 25
\BOOKMARK [0][-]{chapter.4}{\376\377\000A\000p\000p\000l\000i\000c\000a\000t\000i\000o\000n\000\040\000D\000e\000s\000i\000g\000n}{}% 26
\BOOKMARK [1][-]{section.4.1}{\376\377\000A\000p\000p\000l\000i\000c\000a\000t\000i\000o\000n\000\040\000F\000l\000o\000w}{chapter.4}% 27
\BOOKMARK [1][-]{section.4.2}{\376\377\000G\000e\000n\000e\000r\000a\000l\000\040\000I\000n\000t\000e\000r\000f\000a\000c\000e}{chapter.4}% 28
\BOOKMARK [1][-]{section.4.3}{\376\377\000G\000e\000n\000e\000r\000a\000l\000\040\000I\000n\000t\000e\000r\000a\000c\000t\000i\000o\000n\000\040\000P\000r\000i\000n\000c\000i\000p\000l\000e\000s}{chapter.4}% 29
\BOOKMARK [1][-]{section.4.4}{\376\377\000P\000o\000l\000l\000s}{chapter.4}% 30
\BOOKMARK [1][-]{section.4.5}{\376\377\000R\000e\000a\000c\000t\000i\000o\000n\000s}{chapter.4}% 31
\BOOKMARK [1][-]{section.4.6}{\376\377\000C\000o\000n\000t\000e\000n\000t\000\040\000S\000h\000a\000r\000i\000n\000g}{chapter.4}% 32
\BOOKMARK [0][-]{chapter.5}{\376\377\000I\000m\000p\000l\000e\000m\000e\000n\000t\000a\000t\000i\000o\000n}{}% 33
\BOOKMARK [1][-]{section.5.1}{\376\377\000P\000r\000o\000j\000e\000c\000t\000\040\000S\000c\000o\000p\000e}{chapter.5}% 34
\BOOKMARK [1][-]{section.5.2}{\376\377\000S\000e\000r\000v\000e\000r\000\040\000A\000r\000c\000h\000i\000t\000e\000c\000t\000u\000r\000e}{chapter.5}% 35
\BOOKMARK [1][-]{section.5.3}{\376\377\000F\000r\000o\000n\000t\000\040\000E\000n\000d\000\040\000T\000e\000c\000h\000n\000o\000l\000o\000g\000i\000e\000s}{chapter.5}% 36
\BOOKMARK [2][-]{subsection.5.3.1}{\376\377\000E\000C\000M\000A\000S\000c\000r\000i\000p\000t\0002\0000\0001\0005\000\040\000a\000n\000d\000\040\000B\000a\000b\000e\000l}{section.5.3}% 37
\BOOKMARK [2][-]{subsection.5.3.2}{\376\377\000R\000e\000a\000c\000t\000i\000v\000e\000\040\000P\000r\000o\000g\000r\000a\000m\000m\000i\000n\000g}{section.5.3}% 38
\BOOKMARK [2][-]{subsection.5.3.3}{\376\377\000R\000e\000a\000c\000t}{section.5.3}% 39
\BOOKMARK [2][-]{subsection.5.3.4}{\376\377\000u\000n\000v\000e\000i\000l\000.\000j\000s}{section.5.3}% 40
\BOOKMARK [1][-]{section.5.4}{\376\377\000P\000r\000o\000j\000e\000c\000t\000\040\000S\000t\000r\000u\000c\000t\000u\000r\000e}{chapter.5}% 41
\BOOKMARK [1][-]{section.5.5}{\376\377\000E\000x\000t\000e\000n\000d\000e\000d\000\040\000u\000n\000v\000e\000i\000l\000.\000j\000s}{chapter.5}% 42
\BOOKMARK [1][-]{section.5.6}{\376\377\000N\000e\000t\000w\000o\000r\000k\000\040\000S\000y\000n\000c\000h\000r\000o\000n\000i\000s\000a\000t\000i\000o\000n\000\040\000L\000a\000y\000e\000r}{chapter.5}% 43
\BOOKMARK [1][-]{section.5.7}{\376\377\000I\000n\000t\000e\000r\000a\000c\000t\000i\000v\000e\000\040\000E\000x\000t\000e\000n\000s\000i\000o\000n}{chapter.5}% 44
\BOOKMARK [2][-]{subsection.5.7.1}{\376\377\000S\000p\000e\000a\000k\000e\000r\000\040\000P\000r\000e\000s\000e\000n\000t\000e\000r}{section.5.7}% 45
\BOOKMARK [2][-]{subsection.5.7.2}{\376\377\000R\000e\000a\000c\000t\000i\000o\000n\000s}{section.5.7}% 46
\BOOKMARK [2][-]{subsection.5.7.3}{\376\377\000C\000o\000n\000t\000e\000n\000t\000\040\000S\000h\000a\000r\000i\000n\000g}{section.5.7}% 47
\BOOKMARK [2][-]{subsection.5.7.4}{\376\377\000V\000o\000t\000i\000n\000g}{section.5.7}% 48
\BOOKMARK [0][-]{chapter.6}{\376\377\000U\000s\000a\000g\000e\000\040\000o\000f\000\040\000R\000e\000s\000u\000l\000t\000i\000n\000g\000\040\000L\000i\000b\000r\000a\000r\000i\000e\000s}{}% 49
\BOOKMARK [1][-]{section.6.1}{\376\377\000S\000e\000t\000u\000p}{chapter.6}% 50
\BOOKMARK [1][-]{section.6.2}{\376\377\000B\000u\000i\000l\000d\000i\000n\000g\000\040\000a\000\040\000P\000r\000e\000s\000e\000n\000t\000a\000t\000i\000o\000n}{chapter.6}% 51
\BOOKMARK [1][-]{section.6.3}{\376\377\000C\000u\000s\000t\000o\000m\000i\000s\000a\000t\000i\000o\000n\000\040\000a\000n\000d\000\040\000E\000x\000t\000e\000n\000s\000t\000i\000o\000n}{chapter.6}% 52
\BOOKMARK [0][-]{chapter.7}{\376\377\000D\000i\000s\000c\000u\000s\000s\000i\000o\000n}{}% 53
\BOOKMARK [1][-]{section.7.1}{\376\377\000U\000s\000a\000b\000i\000l\000i\000t\000y}{chapter.7}% 54
\BOOKMARK [1][-]{section.7.2}{\376\377\000C\000r\000e\000a\000t\000i\000o\000n\000\040\000o\000f\000\040\000P\000r\000e\000s\000e\000n\000t\000a\000t\000i\000o\000n}{chapter.7}% 55
\BOOKMARK [1][-]{section.7.3}{\376\377\000A\000r\000c\000h\000i\000t\000e\000c\000t\000u\000r\000e}{chapter.7}% 56
\BOOKMARK [1][-]{section.7.4}{\376\377\000F\000u\000t\000u\000r\000e\000\040\000W\000o\000r\000k}{chapter.7}% 57
\BOOKMARK [0][-]{appendix*.30}{\376\377\000R\000e\000f\000e\000r\000e\000n\000c\000e\000s}{}% 58
\BOOKMARK [1][-]{section*.31}{\376\377\000L\000i\000t\000e\000r\000a\000t\000u\000r\000e}{appendix*.30}% 59
\BOOKMARK [1][-]{section*.31}{\376\377\000O\000n\000l\000i\000n\000e\000\040\000s\000o\000u\000r\000c\000e\000s}{appendix*.30}% 60
